[28Aug2025 00:07:43.524] [Server thread/INFO] [net.minecraft.server.MinecraftServer/]: NergalAbyss has made the advancement [Tiny Packs]
[28Aug2025 00:09:26.833] [Server thread/INFO] [net.minecraft.server.MinecraftServer/]: [Not Secure] <NatoRWR> NergalAbyss
[28Aug2025 00:09:37.433] [Server thread/INFO] [net.minecraft.server.MinecraftServer/]: [Not Secure] <NergalAbyss> ?
[28Aug2025 00:09:40.138] [Server thread/INFO] [net.minecraft.server.MinecraftServer/]: [Not Secure] <NatoRWR> MARICON
[28Aug2025 00:20:59.548] [Server thread/INFO] [net.minecraft.server.players.PlayerList/]: Termi[/192.168.193.245:62268] logged in with entity id 68302 at (-1691.4177901928863, 81.0, 3044.6968931404203)
[28Aug2025 00:20:59.575] [Server thread/INFO] [net.minecraft.server.MinecraftServer/]: Termi joined the game
[28Aug2025 00:20:59.589] [Server thread/INFO] [Jade/]: Syncing config to Termi (2ee84060-1e66-3cc4-be2b-95e1c3189a8b)
[28Aug2025 00:21:01.287] [Server thread/INFO] [net.minecraft.server.network.ServerGamePacketListenerImpl/]: Termi lost connection: Disconnected
[28Aug2025 00:21:01.287] [Server thread/INFO] [net.minecraft.server.MinecraftServer/]: Termi left the game
[28Aug2025 00:21:01.386] [Server thread/WARN] [net.minecraft.network.Connection/]: handleDisconnection() called twice
[28Aug2025 00:21:36.837] [Server thread/INFO] [net.minecraft.server.players.PlayerList/]: Termi[/192.168.193.245:62298] logged in with entity id 68508 at (-1691.4177901928863, 81.0, 3044.6968931404203)
[28Aug2025 00:21:36.881] [Server thread/INFO] [net.minecraft.server.MinecraftServer/]: Termi joined the game
[28Aug2025 00:21:36.902] [Server thread/INFO] [Jade/]: Syncing config to Termi (2ee84060-1e66-3cc4-be2b-95e1c3189a8b)
[28Aug2025 00:24:44.463] [Server thread/INFO] [net.minecraft.server.MinecraftServer/]: NatoRWR was slain by Lifestealer
[28Aug2025 00:27:48.874] [Server thread/INFO] [net.minecraft.server.MinecraftServer/]: [Not Secure] <NatoRWR> dormid chavales
[28Aug2025 00:27:52.226] [Server thread/INFO] [net.minecraft.server.MinecraftServer/]: [Not Secure] <NatoRWR> DORMID
[28Aug2025 00:27:55.247] [Server thread/INFO] [net.minecraft.server.MinecraftServer/]: [Not Secure] <NatoRWR> OSTIA
[28Aug2025 00:28:13.688] [Server thread/INFO] [net.minecraft.server.MinecraftServer/]: [Not Secure] <NatoRWR> Con los dedos de las manos y los dedos de los pies mi polla y mis cojones suman 23
[28Aug2025 00:28:25.379] [Server thread/INFO] [net.minecraft.server.MinecraftServer/]: [Not Secure] <NatoRWR> Vamos que es jueves
[28Aug2025 00:29:34.032] [Server thread/WARN] [net.minecraft.server.network.ServerGamePacketListenerImpl/]: NergalAbyss moved wrongly!
[28Aug2025 00:34:13.217] [Server thread/INFO] [net.minecraft.server.MinecraftServer/]: Termi has made the advancement [Into Fire]
